2024-04-06 07:29:54,181:INFO:[31m[1mWARNING: This is a development server. Do not use it in a production deployment. Use a production WSGI server instead.[0m
 * Running on http://127.0.0.1:5001
2024-04-06 07:29:54,181:INFO:[33mPress CTRL+C to quit[0m
2024-04-06 07:29:54,187:INFO: * Restarting with stat
2024-04-06 07:29:56,281:WARNING: * Debugger is active!
2024-04-06 07:29:56,293:INFO: * Debugger PIN: 142-614-965
2024-04-06 07:52:48,785:INFO: * Detected change in 'd:\\Productos de datos\\Taller-Evaluativo\\taller-presencial-carolina2808\\src\\6a_api_client\\server.py', reloading
2024-04-06 07:52:55,089:INFO:[31m[1mWARNING: This is a development server. Do not use it in a production deployment. Use a production WSGI server instead.[0m
 * Running on http://127.0.0.1:5001
2024-04-06 07:52:55,091:INFO:[33mPress CTRL+C to quit[0m
2024-04-06 07:52:55,095:INFO: * Restarting with stat
2024-04-06 07:52:57,175:WARNING: * Debugger is active!
2024-04-06 07:52:57,181:INFO: * Debugger PIN: 142-614-965
2024-04-06 07:57:27,906:INFO: * Detected change in 'd:\\Productos de datos\\Taller-Evaluativo\\taller-presencial-carolina2808\\src\\6a_api_client\\client_example.py', reloading
2024-04-06 07:57:28,079:INFO: * Restarting with stat
2024-04-06 07:57:30,174:WARNING: * Debugger is active!
2024-04-06 07:57:30,184:INFO: * Debugger PIN: 142-614-965
2024-04-06 07:59:12,476:INFO: * Detected change in 'd:\\Productos de datos\\Taller-Evaluativo\\taller-presencial-carolina2808\\src\\6a_api_client\\client_example.py', reloading
2024-04-06 07:59:12,652:INFO: * Restarting with stat
2024-04-06 07:59:14,816:WARNING: * Debugger is active!
2024-04-06 07:59:14,822:INFO: * Debugger PIN: 142-614-965
2024-04-06 07:59:22,021:INFO: * Detected change in 'd:\\Productos de datos\\Taller-Evaluativo\\taller-presencial-carolina2808\\src\\6a_api_client\\client_example.py', reloading
2024-04-06 07:59:22,199:INFO: * Restarting with stat
2024-04-06 07:59:24,274:WARNING: * Debugger is active!
2024-04-06 07:59:24,281:INFO: * Debugger PIN: 142-614-965
2024-04-06 08:18:53,016:INFO:127.0.0.1 - - [06/Apr/2024 08:18:53] "[31m[1mGET / HTTP/1.1[0m" 405 -
2024-04-06 08:18:53,127:INFO:127.0.0.1 - - [06/Apr/2024 08:18:53] "[33mGET /favicon.ico HTTP/1.1[0m" 404 -
2024-04-06 08:19:05,668:INFO:127.0.0.1 - - [06/Apr/2024 08:19:05] "[31m[1mGET / HTTP/1.1[0m" 405 -
2024-04-06 08:19:05,774:INFO:127.0.0.1 - - [06/Apr/2024 08:19:05] "[33mGET /favicon.ico HTTP/1.1[0m" 404 -
2024-04-06 08:23:55,163:INFO:[31m[1mWARNING: This is a development server. Do not use it in a production deployment. Use a production WSGI server instead.[0m
 * Running on http://127.0.0.1:5001
2024-04-06 08:23:55,164:INFO:[33mPress CTRL+C to quit[0m
2024-04-06 08:23:55,167:INFO: * Restarting with stat
2024-04-06 08:23:57,214:WARNING: * Debugger is active!
2024-04-06 08:23:57,222:INFO: * Debugger PIN: 142-614-965
2024-04-06 09:37:53,398:INFO:[31m[1mWARNING: This is a development server. Do not use it in a production deployment. Use a production WSGI server instead.[0m
 * Running on http://127.0.0.1:5001
2024-04-06 09:37:53,398:INFO:[33mPress CTRL+C to quit[0m
2024-04-06 09:37:53,411:INFO: * Restarting with stat
2024-04-06 09:37:55,408:WARNING: * Debugger is active!
2024-04-06 09:37:55,419:INFO: * Debugger PIN: 142-614-965
