2024-03-23 13:36:22,884:INFO:Starting ETL process
2024-03-23 13:36:22,884:INFO:Starting data extraction
2024-03-23 13:36:54,699:INFO:Starting ETL process
2024-03-23 13:36:54,699:INFO:Starting data extraction
2024-03-23 13:59:17,155:INFO:Starting ETL process
2024-03-23 13:59:17,155:INFO:Starting data extraction
2024-03-23 15:28:34,923:INFO:Starting ETL process
2024-03-23 15:28:34,923:INFO:Starting data extraction
2024-03-23 15:29:44,155:INFO:Starting ETL process
2024-03-23 15:29:44,155:INFO:Starting data extraction
2024-03-23 15:31:44,812:INFO:Starting ETL process
2024-03-23 15:31:44,812:INFO:Starting data extraction
2024-03-23 15:34:16,421:INFO:Starting ETL process
2024-03-23 15:34:16,421:INFO:Starting data extraction
2024-03-23 15:34:16,576:INFO:Data extraction completed
2024-03-23 15:34:16,576:INFO:Starting data transformation
2024-03-23 15:34:16,676:INFO:Data transformation completed
2024-03-23 15:34:16,676:INFO:Starting data loading
2024-03-23 15:34:17,005:INFO:Data loading completed
2024-03-23 15:34:17,006:INFO:ETL process completed
2024-03-23 15:34:17,006:INFO:Starting file moving
2024-03-23 15:34:17,010:INFO:File moving completed
2024-03-23 15:34:17,010:INFO:Starting downsampling
2024-03-23 15:34:17,209:INFO:Train file created
2024-03-23 15:34:17,219:INFO:Test file created
